<?xml version="1.0" encoding="UTF-8"?>
<!-- Generated by org.testng.reporters.JUnitReportReporter -->
<testsuite hostname="LAPTOP-RJ9I7FOF" failures="0" tests="3" name="runners.OpenCartRunner" time="12.735" errors="0" timestamp="2022-03-10T12:09:59 IST" skipped="0">
  <testcase classname="runners.OpenCartRunner" name="runScenario" time="2.234"/>
  <system-out/>
  <testcase classname="runners.OpenCartRunner" name="runScenario" time="0.015"/>
  <system-out/>
  <testcase classname="runners.OpenCartRunner" name="runScenario" time="10.486"/>
  <system-out/>
</testsuite> <!-- runners.OpenCartRunner -->
